initialization successfully.
algorithm: 2
=====================================pid: 1====================================
pid:1		vaddr: 1024		paddr:0		status:  V		arr_time:  0		count:  0
pid:1		vaddr: 2048		paddr:1024		status:  V		arr_time:  1		count:  0
pid:1		vaddr: 3072		paddr:2048		status:  V		arr_time:  2		count:  0
pid:1		vaddr: 4096		paddr:3072		status:  V		arr_time:  3		count:  0
pid:1		vaddr: 5120		paddr:0		status:  I		arr_time:  4		count:  0
pid:1		vaddr: 6144		paddr:0		status:  I		arr_time:  5		count:  0
pid:1		vaddr: 7168		paddr:0		status:  I		arr_time:  6		count:  0
page request:	0	page fault:	0	page fault percent:	-nan(ind)
============================================================================
7	Allocate pid(1) vaddress is 1024 to 7828
=====================================pid: 2====================================
pid:2		vaddr: 1024		paddr:4096		status:  V		arr_time:  7		count:  0
pid:2		vaddr: 2048		paddr:5120		status:  V		arr_time:  8		count:  0
pid:2		vaddr: 3072		paddr:6144		status:  V		arr_time:  9		count:  0
pid:2		vaddr: 4096		paddr:7168		status:  V		arr_time:  10		count:  0
pid:2		vaddr: 5120		paddr:0		status:  I		arr_time:  11		count:  0
pid:2		vaddr: 6144		paddr:0		status:  I		arr_time:  12		count:  0
pid:2		vaddr: 7168		paddr:0		status:  I		arr_time:  13		count:  0
page request:	0	page fault:	0	page fault percent:	-nan(ind)
============================================================================
14	Allocate pid(2) vaddress is 1024 to 7359
=====================================pid: 1====================================
pid:1		vaddr: 1024		paddr:0		status:  I		arr_time:  0		count:  0
pid:1		vaddr: 2048		paddr:1024		status:  V		arr_time:  1		count:  0
pid:1		vaddr: 3072		paddr:2048		status:  V		arr_time:  2		count:  0
pid:1		vaddr: 4096		paddr:3072		status:  V		arr_time:  3		count:  0
pid:1		vaddr: 5120		paddr:0		status:  V		arr_time:  15		count:  0
pid:1		vaddr: 6144		paddr:0		status:  I		arr_time:  5		count:  0
pid:1		vaddr: 7168		paddr:0		status:  I		arr_time:  6		count:  0
page request:	1	page fault:	1	page fault percent:	1
============================================================================
16	Page replace: source(5120)	 victim(1024)  
16	Write  from vm(6908) to vm(7036)
16	Memory Free pid(1)
17	Write  from vm(2540) to vm(2668)
18	Read  from vm(3918) to vm(3022)
=====================================pid: 3====================================
pid:3		vaddr: 1024		paddr:8192		status:  V		arr_time:  18		count:  0
pid:3		vaddr: 2048		paddr:9216		status:  V		arr_time:  19		count:  0
pid:3		vaddr: 3072		paddr:10240		status:  V		arr_time:  20		count:  0
pid:3		vaddr: 4096		paddr:11264		status:  V		arr_time:  21		count:  0
pid:3		vaddr: 5120		paddr:12288		status:  V		arr_time:  22		count:  0
pid:3		vaddr: 6144		paddr:0		status:  I		arr_time:  23		count:  0
pid:3		vaddr: 7168		paddr:0		status:  I		arr_time:  24		count:  0
pid:3		vaddr: 8192		paddr:0		status:  I		arr_time:  25		count:  0
page request:	3	page fault:	1	page fault percent:	3
============================================================================
26	Allocate pid(3) vaddress is 1024 to 8557
27	Read  from vm(4997) to vm(4101)
28	Write  from vm(7020) to vm(7148)
29	Read  from vm(5692) to vm(4796)
=====================================pid: 4====================================
pid:4		vaddr: 1024		paddr:0		status:  V		arr_time:  29		count:  0
pid:4		vaddr: 2048		paddr:1024		status:  V		arr_time:  30		count:  0
pid:4		vaddr: 3072		paddr:2048		status:  V		arr_time:  31		count:  0
pid:4		vaddr: 4096		paddr:3072		status:  V		arr_time:  32		count:  0
pid:4		vaddr: 5120		paddr:0		status:  I		arr_time:  33		count:  0
pid:4		vaddr: 6144		paddr:0		status:  I		arr_time:  34		count:  0
pid:4		vaddr: 7168		paddr:0		status:  I		arr_time:  35		count:  0
page request:	6	page fault:	1	page fault percent:	6
============================================================================
36	Allocate pid(4) vaddress is 1024 to 7359
=====================================pid: 2====================================
pid:2		vaddr: 1024		paddr:4096		status:  V		arr_time:  7		count:  256
pid:2		vaddr: 2048		paddr:5120		status:  V		arr_time:  8		count:  257
pid:2		vaddr: 3072		paddr:6144		status:  V		arr_time:  9		count:  0
pid:2		vaddr: 4096		paddr:7168		status:  V		arr_time:  10		count:  257
pid:2		vaddr: 5120		paddr:0		status:  I		arr_time:  11		count:  0
pid:2		vaddr: 6144		paddr:1024		status:  V		arr_time:  37		count:  0
pid:2		vaddr: 7168		paddr:0		status:  I		arr_time:  13		count:  0
page request:	7	page fault:	2	page fault percent:	3.5
============================================================================
38	Page replace: source(6144)	 victim(2048)  
38	Read  from vm(7810) to vm(6914)
=====================================pid: 2====================================
pid:2		vaddr: 1024		paddr:4096		status:  V		arr_time:  7		count:  256
pid:2		vaddr: 2048		paddr:5120		status:  V		arr_time:  8		count:  257
pid:2		vaddr: 3072		paddr:6144		status:  V		arr_time:  9		count:  0
pid:2		vaddr: 4096		paddr:7168		status:  V		arr_time:  10		count:  257
pid:2		vaddr: 5120		paddr:0		status:  I		arr_time:  11		count:  0
pid:2		vaddr: 6144		paddr:1024		status:  V		arr_time:  37		count:  257
pid:2		vaddr: 7168		paddr:2048		status:  V		arr_time:  39		count:  0
page request:	8	page fault:	3	page fault percent:	2.66667
============================================================================
40	Page replace: source(7168)	 victim(3072)  
40	Write  from vm(8337) to vm(8465)
=====================================pid: 4====================================
pid:4		vaddr: 1024		paddr:0		status:  V		arr_time:  29		count:  0
pid:4		vaddr: 2048		paddr:1024		status:  V		arr_time:  30		count:  0
pid:4		vaddr: 3072		paddr:2048		status:  V		arr_time:  31		count:  0
pid:4		vaddr: 4096		paddr:3072		status:  V		arr_time:  32		count:  0
pid:4		vaddr: 5120		paddr:3072		status:  V		arr_time:  41		count:  0
pid:4		vaddr: 6144		paddr:0		status:  I		arr_time:  34		count:  0
pid:4		vaddr: 7168		paddr:0		status:  I		arr_time:  35		count:  0
page request:	9	page fault:	4	page fault percent:	2.25
============================================================================
42	Page replace: source(5120)	 victim(4096)  
42	Read  from vm(6323) to vm(5427)
=====================================pid: 5====================================
pid:5		vaddr: 1024		paddr:13312		status:  V		arr_time:  42		count:  0
pid:5		vaddr: 2048		paddr:14336		status:  V		arr_time:  43		count:  0
pid:5		vaddr: 3072		paddr:15360		status:  V		arr_time:  44		count:  0
pid:5		vaddr: 4096		paddr:0		status:  I		arr_time:  45		count:  0
page request:	9	page fault:	4	page fault percent:	2.25
============================================================================
46	Allocate pid(5) vaddress is 1024 to 4594
47	Write  from vm(6688) to vm(6816)
48	Read  from vm(3356) to vm(2460)
48	Memory Free pid(4)
49	Read  from vm(4749) to vm(3853)
=====================================pid: 6====================================
pid:6		vaddr: 1024		paddr:0		status:  V		arr_time:  49		count:  0
pid:6		vaddr: 2048		paddr:1024		status:  V		arr_time:  50		count:  0
page request:	12	page fault:	4	page fault percent:	3
============================================================================
51	Allocate pid(6) vaddress is 1024 to 2794
52	Write  from vm(4284) to vm(4412)
53	Read  from vm(4409) to vm(3513)
=====================================pid: 3====================================
pid:3		vaddr: 1024		paddr:8192		status:  V		arr_time:  18		count:  0
pid:3		vaddr: 2048		paddr:9216		status:  V		arr_time:  19		count:  0
pid:3		vaddr: 3072		paddr:10240		status:  V		arr_time:  20		count:  257
pid:3		vaddr: 4096		paddr:11264		status:  V		arr_time:  21		count:  0
pid:3		vaddr: 5120		paddr:12288		status:  V		arr_time:  22		count:  256
pid:3		vaddr: 6144		paddr:4096		status:  V		arr_time:  54		count:  0
pid:3		vaddr: 7168		paddr:0		status:  I		arr_time:  24		count:  0
pid:3		vaddr: 8192		paddr:0		status:  I		arr_time:  25		count:  0
page request:	15	page fault:	5	page fault percent:	3
============================================================================
55	Page repl