  fs_system.cpp
c:\users\dell\desktop\osnow\filemanagement\fs_system.cpp(14): warning C4996: 'fopen': This function or variable may be unsafe. Consider using fopen_s instead. To disable deprecation, use _CRT_SECURE_NO_WARNINGS. See online help for details.
  e:\include\10.0.10240.0\ucrt\stdio.h(205): note: 参见“fopen”的声明
c:\users\dell\desktop\osnow\filemanagement\fs_system.cpp(16): warning C4996: 'fscanf': This function or variable may be unsafe. Consider using fscanf_s instead. To disable deprecation, use _CRT_SECURE_NO_WARNINGS. See online help for details.
  e:\include\10.0.10240.0\ucrt\stdio.h(1193): note: 参见“fscanf”的声明
c:\users\dell\desktop\osnow\filemanagement\fs_system.cpp(55): warning C4996: 'strcat': This function or variable may be unsafe. Consider using strcat_s instead. To disable deprecation, use _CRT_SECURE_NO_WARNINGS. See online help for details.
  e:\include\10.0.10240.0\ucrt\string.h(90): note: 参见“strcat”的声明
c:\users\dell\desktop\osnow\filemanagement\fs_system.cpp(56): warning C4996: 'strcat': This function or variable may be unsafe. Consider using strcat_s instead. To disable deprecation, use _CRT_SECURE_NO_WARNINGS. See online help for details.
  e:\include\10.0.10240.0\ucrt\string.h(90): note: 参见“strcat”的声明
c:\users\dell\desktop\osnow\filemanagement\fs_system.cpp(194): warning C4996: 'strcpy': This function or variable may be unsafe. Consider using strcpy_s instead. To disable deprecation, use _CRT_SECURE_NO_WARNINGS. See online help for details.
  e:\include\10.0.10240.0\ucrt\string.h(119): note: 参见“strcpy”的声明
c:\users\dell\desktop\osnow\filemanagement\fs_system.cpp(220): warning C4996: 'strcpy': This function or variable may be unsafe. Consider using strcpy_s instead. To disable deprecation, use _CRT_SECURE_NO_WARNINGS. See online help for details.
  e:\include\10.0.10240.0\ucrt\string.h(119): note: 参见“strcpy”的声明
c:\users\dell\desktop\osnow\filemanagement\fs_system.cpp(221): warning C4996: 'strcat': This function or variable may be unsafe. Consider using strcat_s instead. To disable deprecation, use _CRT_SECURE_NO_WARNINGS. See online help for details.
  e:\include\10.0.10240.0\ucrt\string.h(90): note: 参见“strcat”的声明
c:\users\dell\desktop\osnow\filemanagement\fs_system.cpp(222): warning C4996: 'strcat': This function or variable may be unsafe. Consider using strcat_s instead. To disable deprecation, use _CRT_SECURE_NO_WARNINGS. See online help for details.
  e:\include\10.0.10240.0\ucrt\string.h(90): note: 参见“strcat”的声明
c:\users\dell\desktop\osnow\filemanagement\fs_system.cpp(260): warning C4996: 'strcpy': This function or variable may be unsafe. Consider using strcpy_s instead. To disable deprecation, use _CRT_SECURE_NO_WARNINGS. See online help for details.
  e:\include\10.0.10240.0\ucrt\string.h(119): note: 参见“strcpy”的声明
c:\users\dell\desktop\osnow\filemanagement\fs_system.cpp(261): warning C4996: 'strcat': This function or variable may be unsafe. Consider using strcat_s instead. To disable deprecation, use _CRT_SECURE_NO_WARNINGS. See online help for details.
  e:\include\10.0.10240.0\ucrt\string.h(90): note: 参见“strcat”的声明
c:\users\dell\desktop\osnow\filemanagement\fs_system.cpp(262): warning C4996: 'strcat': This function or variable may be unsafe. Consider using strcat_s instead. To disable deprecation, use _CRT_SECURE_NO_WARNINGS. See online help for details.
  e:\include\10.0.10240.0\ucrt\string.h(90): note: 参见“strcat”的声明
c:\users\dell\desktop\osnow\filemanagement\fs_system.cpp(263): warning C4996: 'strcat': This function or variable may be unsafe. Consider using strcat_s instead. To disable deprecation, use _CRT_SECURE_NO_WARNINGS. See online help for details.
  e:\include\10.0.10240.0\ucrt\string.h(90): note: 参见“strcat”的声明
c:\users\dell\desktop\osnow\filemanagement\fs_system.cpp(265): warning C4996: 'fopen': This function or variable may be unsafe. Consider using fopen_s instead. To disable deprecation, use _CRT_SECURE_NO_WARNINGS. See online help for details.
  e:\include\10.0.10240.0\ucrt\stdio.h(205): note: 参见“fopen”的声明
c:\users\dell\desktop\osnow\filemanagement\fs_system.cpp(296): warning C4996: 'strcpy': This function or variable may be unsafe. Consider using strcpy_s instead. To disable deprecation, use _CRT_SECURE_NO_WARNINGS. See online help for details.
  e:\include\10.0.10240.0\ucrt\string.h(119): note: 参见“strcpy”的声明
c:\users\dell\desktop\osnow\filemanagement\fs_system.cpp(297): warning C4996: 'strcat': This function or variable may be unsafe. Consider using strcat_s instead. To disable deprecation, use _CRT_SECURE_NO_WARNINGS. See online help for details.
  e:\include\10.0.10240.0\ucrt\string.h(90): note: 参见“strcat”的声明
c:\users\dell\desktop\osnow\filemanagement\fs_system.cpp(298): warning C4996: 'strcat': This function or variable may be unsafe. Consider using strcat_s instead. To disable deprecation, use _CRT_SECURE_NO_WARNINGS. See online help for details.
  e:\include\10.0.10240.0\ucrt\string.h(90): note: 参见“strcat”的声明
c:\users\dell\desktop\osnow\filemanagement\fs_system.cpp(299): warning C4996: 'rmdir': The POSIX name for this item is deprecated. Instead, use the ISO C and C++ conformant name: _rmdir. See online help for details.
  e:\include\10.0.10240.0\ucrt\direct.h(113): note: 参见“rmdir”的声明
c:\users\dell\desktop\osnow\filemanagement\fs_system.cpp(399): warning C4996: 'scanf': This function or variable may be unsafe. Consider using scanf_s instead. To disable deprecation, use _CRT_SECURE_NO_WARNINGS. See online help for details.
  e:\include\10.0.10240.0\ucrt\stdio.h(1270): note: 参见“scanf”的声明
c:\users\dell\desktop\osnow\filemanagement\fs_system.cpp(410): warning C4101: “choice”: 未引用的局部变量
c:\users\dell\desktop\osnow\filemanagement\fs_system.cpp(477): warning C4996: 'localtime': This function or variable may be unsafe. Consider using localtime_s instead. To disable deprecation, use _CRT_SECURE_NO_WARNINGS. See online help for details.
  e:\include\10.0.10240.0\ucrt\time.h(505): note: 参见“localtime”的声明
c:\users\dell\desktop\osnow\filemanagement\fs_system.cpp(503): warning C4996: 'strcpy': This function or variable may be unsafe. Consider using strcpy_s instead. To disable deprecation, use _CRT_SECURE_NO_WARNINGS. See online help for details.
  e:\include\10.0.10240.0\ucrt\string.h(119): note: 参见“strcpy”的声明
c:\users\dell\desktop\osnow\filemanagement\fs_system.cpp(511): warning C4996: 'getcwd': The POSIX name for this item is deprecated. Instead, use the ISO C and C++ conformant name: _getcwd. See online help for details.
  e:\include\10.0.10240.0\ucrt\direct.h(91): note: 参见“getcwd”的声明
c:\users\dell\desktop\osnow\filemanagement\fs_system.cpp(540): warning C4996: 'getcwd': The POSIX name for this item is deprecated. Instead, use the ISO C and C++ conformant name: _getcwd. See online help for details.
  e:\include\10.0.10240.0\ucrt\direct.h(91): note: 参见“getcwd”的声明
c:\users\dell\desktop\osnow\filemanagement\fs_system.cpp(569): warning C4996: 'strcpy': This function or variable may be unsafe. Consider using strcpy_s instead. To disable deprecation, use _CRT_SECURE_NO_WARNINGS. See online help for details.
  e:\include\10.0.10240.0\ucrt\string.h(119): note: 参见“strcpy”的声明
c:\users\dell\desktop\osnow\filemanagement\fs_system.cpp(792): warning C4996: 'strcpy': This function or variable may be unsafe. Consider using strcpy_s instead. To disable deprecation, use _CRT_SECURE_NO_WARNINGS. See online help for details.
  e:\include\10.0.10240.0\ucrt\string.h(119): note: 参见“strcpy”的声明
c:\users\dell\desktop\osnow\filemanagement\fs_system.cpp(793): warning C4996: 'strcat': This function or variable may be unsafe. Consider using strcat_s instead. To disable deprecation, use _CRT_SECURE_NO_WARNINGS. See online help for details.
  e:\include\10.0.10240.0\ucrt\string.h(90): note: 参见“strcat”的声明
c:\users\dell\desktop\osnow\filemanagement\fs_system.cpp(794): warning C4996: 'strcat': This function or variable may be unsafe. Consider using strcat_s instead. To disable deprecation, use _CRT_SECURE_NO_WARNINGS. See online help for details.
  e:\include\10.0.10240.0\ucrt\string.h(90): note: 参见“strcat”的声明
c:\users\dell\desktop\osnow\filemanagement\fs_system.cpp(795): warning C4996: 'strcat': This function or variable may be unsafe. Consider using strcat_s instead. To disable deprecation, use _CRT_SECURE_NO_WARNINGS. See online help for details.
  e:\include\10.0.10240.0\ucrt\string.h(90): note: 参见“strcat”的声明
c:\users\dell\desktop\osnow\filemanagement\fs_system.cpp(1004): warning C4996: 'strcpy': This function or variable may be unsafe. Consider using strcpy_s instead. To disable deprecation, use _CRT_SECURE_NO_WARNINGS. See online help for details.
  e:\include\10.0.10240.0\ucrt\string.h(119): note: 参见“strcpy”的声明
c:\users\dell\desktop\osnow\filemanagement\fs_system.cpp(1005): warning C4996: 'strcat': This function or variable may be unsafe. Consider using strcat_s instead. To disable deprecation, use _CRT_SECURE_NO_WARNINGS. See online help for details.
  e:\include\10.0.10240.0\ucrt\string.h(90): note: 参见“strcat”的声明
c:\users\dell\desktop\osnow\filemanagement\fs_system.cpp(1006): warning C4996: 'strcat': This function or variable may be unsafe. Consider using strcat_s instead. To disable deprecation, use _CRT_SECURE_NO_WARNINGS. See online help for details.
  e:\include\10.0.10240.0\ucrt\string.h(90): note: 参见“strcat”的声明
c:\users\dell\desktop\osnow\filemanagement\fs_system.cpp(1007): warning C4996: 'strcat': This function or variable may be unsafe. Consider using strcat_s instead. To disable deprecation, use _CRT_SECURE_NO_WARNINGS. See online help for details.
  e:\include\10.0.10240.0\ucrt\string.h(90): note: 参见“strcat”的声明
c:\users\dell\desktop\osnow\filemanagement\fs_system.cpp(1008): warning C4996: 'fopen': This function or variable may be unsafe. Consider using fopen_s instead. To disable deprecation, use _CRT_SECURE_NO_WARNINGS. See online help for details.
  e:\include\10.0.10240.0\ucrt\stdio.h(205): note: 参见“fopen”的声明
c:\users\dell\desktop\osnow\filemanagement\fs_system.cpp(1031): warning C4996: 'strcpy': This function or variable may be unsafe. Consider using strcpy_s instead. To disable deprecation, use _CRT_SECURE_NO_WARNINGS. See online help for details.
  e:\include\10.0.10240.0\ucrt\string.h(119): note: 参见“strcpy”的声明
c:\users\dell\desktop\osnow\filemanagement\fs_system.cpp(1032): warning C4996: 'strcat': This function or variable may be unsafe. Consider using strcat_s instead. To disable deprecation, use _CRT_SECURE_NO_WARNINGS. See online help for details.
  e:\include\10.0.10240.0\ucrt\string.h(90): note: 参见“strcat”的声明
c:\users\dell\desktop\osnow\filemanagement\fs_system.cpp(1033): warning C4996: 'strcat': This function or variable may be unsafe. Consider using strcat_s instead. To disable deprecation, use _CRT_SECURE_NO_WARNINGS. See online help for details.
  e:\include\10.0.10240.0\ucrt\string.h(90): note: 参见“strcat”的声明
c:\users\dell\desktop\osnow\filemanagement\fs_system.cpp(1034): warning C4996: 'strcat': This function or variable may be unsafe. Consider using strcat_s instead. To disable deprecation, use _CRT_SECURE_NO_WARNINGS. See online help for details.
  e:\include\10.0.10240.0\ucrt\string.h(90): note: 参见“strcat”的声明
c:\users\dell\desktop\osnow\filemanagement\fs_system.cpp(1035): warning C4996: 'fopen': This function or variable may be unsafe. Consider using fopen_s instead. To disable deprecation, use _CRT_SECURE_NO_WARNINGS. See online help for details.
  e:\include\10.0.10240.0\ucrt\stdio.h(205): note: 参见“fopen”的声明
c:\users\dell\desktop\osnow\filemanagement\fs_system.cpp(279): warning C4715: “createFile”: 不是所有的控件路径都返回值
  OSnow.vcxproj -> C:\Users\dell\Desktop\OSnow\Debug\OSnow.exe
  OSnow.vcxproj -> C:\Users\dell\Desktop\OSnow\Debug\OSnow.pdb (Full PDB)
